<?xml version="1.0" encoding="UTF-8"?>
<!-- Generated by org.testng.reporters.JUnitReportReporter -->
<testsuite hostname="LAPTOP-ODIK6SBS" failures="0" tests="1" name="Tests.mainActivityPageTest" time="31.768" errors="0" timestamp="24 Nov 2023 01:00:53 GMT" skipped="0">
  <testcase classname="Tests.mainActivityPageTest" name="clickOnDropdownTest" time="31.768"/>
</testsuite> <!-- Tests.mainActivityPageTest -->
