<?xml version="1.0" encoding="UTF-8"?>
<!-- Generated by org.testng.reporters.JUnitReportReporter -->
<testsuite hostname="LAPTOP-ODIK6SBS" failures="0" tests="1" name="Tests.productPageTest" time="6.785" errors="0" timestamp="10 Dec 2023 17:26:52 GMT" skipped="0">
  <testcase classname="Tests.productPageTest" name="clickOnDropdownTest" time="6.785"/>
</testsuite> <!-- Tests.productPageTest -->
